<?xml version="1.0" encoding="UTF-8"?>
<!-- Generated by org.testng.reporters.JUnitReportReporter -->
<testsuite hostname="HR-SMOLJANM" name="Academy.HomePage" tests="2" failures="0" timestamp="13 Mar 2019 07:36:27 GMT" time="35.200" errors="0">
  <testcase name="basePageNavigation" time="21.226" classname="Academy.HomePage"/>
  <testcase name="basePageNavigation" time="13.974" classname="Academy.HomePage"/>
</testsuite> <!-- Academy.HomePage -->
