<?xml version="1.0" encoding="UTF-8"?>
<!-- Generated by org.testng.reporters.JUnitReportReporter -->
<testsuite hostname="HR-SMOLJANM" name="Academy.ValidateContactLink" tests="1" failures="0" timestamp="13 Mar 2019 08:09:53 GMT" time="0.061" errors="0">
  <testcase name="ValidateLink" time="0.061" classname="Academy.ValidateContactLink"/>
</testsuite> <!-- Academy.ValidateContactLink -->
