<?xml version="1.0" encoding="UTF-8"?>
<!-- Generated by org.testng.reporters.JUnitReportReporter -->
<testsuite hostname="HR-SMOLJANM" failures="0" tests="1" name="Academy.ValidateContactLink" time="0.058" errors="0" timestamp="13 Mar 2019 08:32:35 GMT" skipped="0">
  <testcase classname="Academy.ValidateContactLink" name="ValidateLink" time="0.058"/>
</testsuite> <!-- Academy.ValidateContactLink -->
