<?xml version="1.0" encoding="UTF-8"?>
<!-- Generated by org.testng.reporters.JUnitReportReporter -->
<testsuite hostname="HR-SMOLJANM" failures="0" tests="2" name="Academy.HomePage" time="40.247" errors="0" timestamp="13 Mar 2019 08:32:35 GMT" skipped="0">
  <testcase classname="Academy.HomePage" name="basePageNavigation" time="19.840"/>
  <testcase classname="Academy.HomePage" name="basePageNavigation" time="20.407"/>
</testsuite> <!-- Academy.HomePage -->
