<?xml version="1.0" encoding="UTF-8"?>
<!-- Generated by org.testng.reporters.JUnitReportReporter -->
<testsuite hostname="HR-SMOLJANM" failures="0" tests="1" name="Academy.ValidateTitle" time="0.041" errors="0" timestamp="13 Mar 2019 08:32:35 GMT" skipped="0">
  <testcase classname="Academy.ValidateTitle" name="Validate" time="0.041"/>
</testsuite> <!-- Academy.ValidateTitle -->
